2021-05-23 15:02:30,336 :: INFO    :: parameter :  analysis_from_time 25 analysis_to_time 30 entry_time 31 close_time 40 2020-05-01 00:40:00 〜 2021-05-23 13:40:00 profit 9105 pf 1.01 wp 51 % ic 0.03 trading cnt 7297 ('/test.py', 153)
2021-05-23 15:03:03,088 :: INFO    :: parameter :  analysis_from_time 25 analysis_to_time 30 entry_time 31 close_time 41 2020-05-01 00:41:00 〜 2021-05-23 13:41:00 profit 16474 pf 1.02 wp 52 % ic 0.04 trading cnt 7299 ('/test.py', 153)
2021-05-23 15:03:34,043 :: INFO    :: parameter :  analysis_from_time 25 analysis_to_time 30 entry_time 31 close_time 42 2020-05-01 00:42:00 〜 2021-05-23 13:42:00 profit 9073 pf 1.01 wp 52 % ic 0.04 trading cnt 7305 ('/test.py', 153)
2021-05-23 15:04:00,201 :: INFO    :: parameter :  analysis_from_time 25 analysis_to_time 30 entry_time 31 close_time 43 2020-05-01 00:43:00 〜 2021-05-23 13:43:00 profit 19772 pf 1.02 wp 52 % ic 0.04 trading cnt 7333 ('/test.py', 153)
2021-05-23 15:04:28,325 :: INFO    :: parameter :  analysis_from_time 25 analysis_to_time 30 entry_time 31 close_time 44 2020-05-01 00:44:00 〜 2021-05-23 13:44:00 profit 24156 pf 1.02 wp 52 % ic 0.04 trading cnt 7298 ('/test.py', 153)
2021-05-23 15:04:53,700 :: INFO    :: parameter :  analysis_from_time 25 analysis_to_time 30 entry_time 31 close_time 45 2020-05-01 00:45:00 〜 2021-05-23 13:45:00 profit 25634 pf 1.02 wp 51 % ic 0.03 trading cnt 7286 ('/test.py', 153)
2021-05-23 15:05:18,656 :: INFO    :: parameter :  analysis_from_time 25 analysis_to_time 30 entry_time 31 close_time 46 2020-05-01 00:46:00 〜 2021-05-23 13:31:00 profit 34555 pf 1.02 wp 52 % ic 0.04 trading cnt 7287 ('/test.py', 153)
2021-05-23 15:05:37,121 :: INFO    :: parameter :  analysis_from_time 25 analysis_to_time 30 entry_time 31 close_time 47 2020-05-01 00:47:00 〜 2021-05-23 13:31:00 profit 57869 pf 1.04 wp 52 % ic 0.04 trading cnt 7275 ('/test.py', 153)
2021-05-23 15:05:55,082 :: INFO    :: parameter :  analysis_from_time 25 analysis_to_time 30 entry_time 31 close_time 48 2020-05-01 00:48:00 〜 2021-05-23 13:31:00 profit 88807 pf 1.06 wp 52 % ic 0.05 trading cnt 7270 ('/test.py', 153)
2021-05-23 15:06:13,010 :: INFO    :: parameter :  analysis_from_time 25 analysis_to_time 30 entry_time 31 close_time 49 2020-05-01 00:49:00 〜 2021-05-23 13:31:00 profit 98043 pf 1.06 wp 53 % ic 0.06 trading cnt 7281 ('/test.py', 153)
2021-05-23 15:06:30,960 :: INFO    :: parameter :  analysis_from_time 25 analysis_to_time 30 entry_time 31 close_time 50 2020-05-01 00:50:00 〜 2021-05-23 13:31:00 profit 89615 pf 1.06 wp 52 % ic 0.05 trading cnt 7289 ('/test.py', 153)
2021-05-23 15:06:48,812 :: INFO    :: parameter :  analysis_from_time 25 analysis_to_time 30 entry_time 31 close_time 51 2020-05-01 00:51:00 〜 2021-05-23 13:31:00 profit 87506 pf 1.05 wp 52 % ic 0.05 trading cnt 7304 ('/test.py', 153)
2021-05-23 15:07:06,651 :: INFO    :: parameter :  analysis_from_time 25 analysis_to_time 30 entry_time 31 close_time 52 2020-05-01 00:52:00 〜 2021-05-23 13:31:00 profit 111167 pf 1.06 wp 53 % ic 0.07 trading cnt 7299 ('/test.py', 153)
2021-05-23 15:07:24,530 :: INFO    :: parameter :  analysis_from_time 25 analysis_to_time 30 entry_time 31 close_time 53 2020-05-01 00:53:00 〜 2021-05-23 13:31:00 profit 118296 pf 1.06 wp 53 % ic 0.06 trading cnt 7290 ('/test.py', 153)
2021-05-23 15:07:42,576 :: INFO    :: parameter :  analysis_from_time 25 analysis_to_time 30 entry_time 31 close_time 54 2020-05-01 00:54:00 〜 2021-05-23 13:31:00 profit 139519 pf 1.07 wp 53 % ic 0.06 trading cnt 7302 ('/test.py', 153)
2021-05-23 15:09:14,544 :: INFO    :: parameter :  analysis_from_time 25 analysis_to_time 30 entry_time 31 close_time 55 2020-05-01 00:55:00 〜 2021-05-23 13:31:00 profit 161780 pf 1.08 wp 53 % ic 0.06 trading cnt 7297 ('/test.py', 153)


2021-05-23 15:10:29,446 :: INFO    :: parameter :  analysis_from_time 25 analysis_to_time 30 entry_time 31 close_time 55 2020-05-01 00:55:00 〜 2021-05-23 13:31:00 profit 161780 pf 1.08 wp 53 % ic 0.06 trading cnt 7297 ('/test.py', 153)
2021-05-23 15:10:47,685 :: INFO    :: parameter :  analysis_from_time 25 analysis_to_time 30 entry_time 32 close_time 55 2020-05-01 00:32:00 〜 2021-05-23 13:32:00 profit 60549 pf 1.04 wp 52 % ic 0.05 trading cnt 7287 ('/test.py', 153)
2021-05-23 15:11:08,826 :: INFO    :: parameter :  analysis_from_time 25 analysis_to_time 30 entry_time 33 close_time 55 2020-05-01 00:33:00 〜 2021-05-23 13:33:00 profit 70060 pf 1.04 wp 52 % ic 0.05 trading cnt 7277 ('/test.py', 153)
2021-05-23 15:11:26,930 :: INFO    :: parameter :  analysis_from_time 25 analysis_to_time 30 entry_time 34 close_time 55 2020-05-01 00:34:00 〜 2021-05-23 13:34:00 profit 39396 pf 1.02 wp 52 % ic 0.05 trading cnt 7279 ('/test.py', 153)
2021-05-23 15:11:45,078 :: INFO    :: parameter :  analysis_from_time 25 analysis_to_time 30 entry_time 35 close_time 55 2020-05-01 00:35:00 〜 2021-05-23 13:35:00 profit 94399 pf 1.06 wp 53 % ic 0.06 trading cnt 7249 ('/test.py', 153)
2021-05-23 15:12:03,891 :: INFO    :: parameter :  analysis_from_time 25 analysis_to_time 30 entry_time 36 close_time 55 2020-05-01 00:36:00 〜 2021-05-23 13:36:00 profit 62354 pf 1.04 wp 52 % ic 0.05 trading cnt 7246 ('/test.py', 153)
2021-05-23 15:12:21,893 :: INFO    :: parameter :  analysis_from_time 25 analysis_to_time 30 entry_time 37 close_time 55 2020-05-01 00:37:00 〜 2021-05-23 13:37:00 profit 60194 pf 1.04 wp 52 % ic 0.05 trading cnt 7256 ('/test.py', 153)
2021-05-23 15:12:40,099 :: INFO    :: parameter :  analysis_from_time 25 analysis_to_time 30 entry_time 38 close_time 55 2020-05-01 00:38:00 〜 2021-05-23 13:38:00 profit 50918 pf 1.04 wp 52 % ic 0.05 trading cnt 7258 ('/test.py', 153)
2021-05-23 15:12:58,318 :: INFO    :: parameter :  analysis_from_time 25 analysis_to_time 30 entry_time 39 close_time 55 2020-05-01 00:39:00 〜 2021-05-23 13:39:00 profit 89504 pf 1.07 wp 52 % ic 0.05 trading cnt 7254 ('/test.py', 153)
2021-05-23 15:13:16,709 :: INFO    :: parameter :  analysis_from_time 25 analysis_to_time 30 entry_time 40 close_time 55 2020-05-01 00:40:00 〜 2021-05-23 13:40:00 profit 94931 pf 1.06 wp 53 % ic 0.06 trading cnt 7269 ('/test.py', 153)
2021-05-23 15:13:35,134 :: INFO    :: parameter :  analysis_from_time 25 analysis_to_time 30 entry_time 41 close_time 55 2020-05-01 00:41:00 〜 2021-05-23 13:41:00 profit 122352 pf 1.09 wp 52 % ic 0.05 trading cnt 7271 ('/test.py', 153)
2021-05-23 15:13:53,424 :: INFO    :: parameter :  analysis_from_time 25 analysis_to_time 30 entry_time 42 close_time 55 2020-05-01 00:42:00 〜 2021-05-23 13:42:00 profit 84150 pf 1.06 wp 52 % ic 0.04 trading cnt 7277 ('/test.py', 153)
2021-05-23 15:14:11,648 :: INFO    :: parameter :  analysis_from_time 25 analysis_to_time 30 entry_time 43 close_time 55 2020-05-01 00:43:00 〜 2021-05-23 13:43:00 profit 107167 pf 1.09 wp 52 % ic 0.04 trading cnt 7288 ('/test.py', 153)
2021-05-23 15:14:29,877 :: INFO    :: parameter :  analysis_from_time 25 analysis_to_time 30 entry_time 44 close_time 55 2020-05-01 00:44:00 〜 2021-05-23 13:44:00 profit 107173 pf 1.1 wp 52 % ic 0.05 trading cnt 7260 ('/test.py', 153)
2021-05-23 15:14:48,026 :: INFO    :: parameter :  analysis_from_time 25 analysis_to_time 30 entry_time 45 close_time 55 2020-05-01 00:45:00 〜 2021-05-23 13:45:00 profit 99647 pf 1.1 wp 52 % ic 0.05 trading cnt 7243 ('/test.py', 153)
2021-05-23 15:15:06,183 :: INFO    :: parameter :  analysis_from_time 25 analysis_to_time 30 entry_time 46 close_time 55 2020-05-01 00:46:00 〜 2021-05-23 13:30:00 profit 62771 pf 1.07 wp 51 % ic 0.03 trading cnt 7257 ('/test.py', 153)
2021-05-23 15:15:24,400 :: INFO    :: parameter :  analysis_from_time 25 analysis_to_time 30 entry_time 47 close_time 55 2020-05-01 00:47:00 〜 2021-05-23 13:30:00 profit 42938 pf 1.05 wp 51 % ic 0.03 trading cnt 7237 ('/test.py', 153)
2021-05-23 15:15:42,490 :: INFO    :: parameter :  analysis_from_time 25 analysis_to_time 30 entry_time 48 close_time 55 2020-05-01 00:48:00 〜 2021-05-23 13:30:00 profit 16347 pf 1.02 wp 51 % ic 0.03 trading cnt 7229 ('/test.py', 153)
2021-05-23 15:16:00,813 :: INFO    :: parameter :  analysis_from_time 25 analysis_to_time 30 entry_time 49 close_time 55 2020-05-01 00:49:00 〜 2021-05-23 13:30:00 profit 32711 pf 1.05 wp 50 % ic 0.0 trading cnt 7257 ('/test.py', 153)
2021-05-23 15:16:19,082 :: INFO    :: parameter :  analysis_from_time 25 analysis_to_time 30 entry_time 50 close_time 55 2020-05-01 00:50:00 〜 2021-05-23 13:30:00 profit 38564 pf 1.06 wp 51 % ic 0.02 trading cnt 7252 ('/test.py', 153)
2021-05-23 15:16:37,418 :: INFO    :: parameter :  analysis_from_time 25 analysis_to_time 30 entry_time 51 close_time 55 2020-05-01 00:51:00 〜 2021-05-23 13:30:00 profit 27264 pf 1.05 wp 51 % ic 0.03 trading cnt 7277 ('/test.py', 153)
2021-05-23 15:16:55,830 :: INFO    :: parameter :  analysis_from_time 25 analysis_to_time 30 entry_time 52 close_time 55 2020-05-01 00:52:00 〜 2021-05-23 13:30:00 profit 30194 pf 1.07 wp 51 % ic 0.02 trading cnt 7271 ('/test.py', 153)
2021-05-23 15:17:13,897 :: INFO    :: parameter :  analysis_from_time 25 analysis_to_time 30 entry_time 53 close_time 55 2020-05-01 00:53:00 〜 2021-05-23 13:30:00 profit 8989 pf 1.02 wp 50 % ic 0.01 trading cnt 7260 ('/test.py', 153)
2021-05-23 15:17:32,221 :: INFO    :: parameter :  analysis_from_time 25 analysis_to_time 30 entry_time 54 close_time 55 2020-05-01 00:54:00 〜 2021-05-23 13:30:00 profit 5750 pf 1.02 wp 51 % ic 0.02 trading cnt 7278 ('/test.py', 153)


2021-05-23 15:26:33,966 :: INFO    :: parameter :  analysis_from_time 25 analysis_to_time 30 entry_time 44 close_time 55 2020-05-01 00:44:00 〜 2021-05-23 13:44:00 profit 107173 pf 1.102295606800977 wp 52 % ic 0.05 trading cnt 7260 ('/test.py', 153)
2021-05-23 15:27:01,602 :: INFO    :: parameter :  analysis_from_time 25 analysis_to_time 30 entry_time 45 close_time 55 2020-05-01 00:45:00 〜 2021-05-23 13:45:00 profit 99647 pf 1.1015427541818914 wp 52 % ic 0.05 trading cnt 7243 ('/test.py', 153)


2021-05-23 15:28:32,042 :: INFO    :: parameter :  analysis_from_time 25 analysis_to_time 26 entry_time 45 close_time 55 2020-05-01 00:45:00 〜 2021-05-23 13:45:00 profit 19939 pf 1.02 wp 50 % ic 0.01 trading cnt 7200 ('/test.py', 153)
2021-05-23 15:29:00,475 :: INFO    :: parameter :  analysis_from_time 25 analysis_to_time 27 entry_time 45 close_time 55 2020-05-01 00:45:00 〜 2021-05-23 13:45:00 profit 139255 pf 1.12 wp 52 % ic 0.05 trading cnt 7194 ('/test.py', 153)
2021-05-23 15:29:28,717 :: INFO    :: parameter :  analysis_from_time 25 analysis_to_time 28 entry_time 45 close_time 55 2020-05-01 00:45:00 〜 2021-05-23 13:45:00 profit 127578 pf 1.11 wp 52 % ic 0.04 trading cnt 7192 ('/test.py', 153)
2021-05-23 15:29:57,683 :: INFO    :: parameter :  analysis_from_time 25 analysis_to_time 29 entry_time 45 close_time 55 2020-05-01 00:45:00 〜 2021-05-23 13:45:00 profit 115188 pf 1.11 wp 52 % ic 0.04 trading cnt 7214 ('/test.py', 153)
2021-05-23 15:30:25,294 :: INFO    :: parameter :  analysis_from_time 25 analysis_to_time 30 entry_time 45 close_time 55 2020-05-01 00:45:00 〜 2021-05-23 13:45:00 profit 99647 pf 1.1 wp 52 % ic 0.05 trading cnt 7243 ('/test.py', 153)
2021-05-23 15:30:53,225 :: INFO    :: parameter :  analysis_from_time 25 analysis_to_time 31 entry_time 45 close_time 55 2020-05-01 00:45:00 〜 2021-05-23 13:45:00 profit 105581 pf 1.1 wp 52 % ic 0.05 trading cnt 7232 ('/test.py', 153)
2021-05-23 15:31:21,009 :: INFO    :: parameter :  analysis_from_time 25 analysis_to_time 32 entry_time 45 close_time 55 2020-05-01 00:32:00 〜 2021-05-23 13:45:00 profit 54943 pf 1.05 wp 51 % ic 0.03 trading cnt 7230 ('/test.py', 153)
2021-05-23 15:31:49,325 :: INFO    :: parameter :  analysis_from_time 25 analysis_to_time 33 entry_time 45 close_time 55 2020-05-01 00:33:00 〜 2021-05-23 13:45:00 profit 46817 pf 1.04 wp 51 % ic 0.03 trading cnt 7230 ('/test.py', 153)
2021-05-23 15:32:17,211 :: INFO    :: parameter :  analysis_from_time 25 analysis_to_time 34 entry_time 45 close_time 55 2020-05-01 00:34:00 〜 2021-05-23 13:45:00 profit 48957 pf 1.04 wp 51 % ic 0.03 trading cnt 7248 ('/test.py', 153)
2021-05-23 15:32:45,399 :: INFO    :: parameter :  analysis_from_time 25 analysis_to_time 35 entry_time 45 close_time 55 2020-05-01 00:35:00 〜 2021-05-23 13:45:00 profit 36398 pf 1.03 wp 52 % ic 0.04 trading cnt 7216 ('/test.py', 153)
2021-05-23 15:33:13,333 :: INFO    :: parameter :  analysis_from_time 25 analysis_to_time 36 entry_time 45 close_time 55 2020-05-01 00:36:00 〜 2021-05-23 13:45:00 profit 18878 pf 1.02 wp 52 % ic 0.04 trading cnt 7213 ('/test.py', 153)
2021-05-23 15:33:41,619 :: INFO    :: parameter :  analysis_from_time 25 analysis_to_time 37 entry_time 45 close_time 55 2020-05-01 00:37:00 〜 2021-05-23 13:45:00 profit 72847 pf 1.08 wp 52 % ic 0.05 trading cnt 7229 ('/test.py', 153)
2021-05-23 15:34:09,256 :: INFO    :: parameter :  analysis_from_time 25 analysis_to_time 38 entry_time 45 close_time 55 2020-05-01 00:38:00 〜 2021-05-23 13:45:00 profit 52907 pf 1.06 wp 52 % ic 0.04 trading cnt 7224 ('/test.py', 153)
2021-05-23 15:34:37,023 :: INFO    :: parameter :  analysis_from_time 25 analysis_to_time 39 entry_time 45 close_time 55 2020-05-01 00:39:00 〜 2021-05-23 13:45:00 profit 52626 pf 1.05 wp 52 % ic 0.05 trading cnt 7229 ('/test.py', 153)
2021-05-23 15:35:04,035 :: INFO    :: parameter :  analysis_from_time 25 analysis_to_time 40 entry_time 45 close_time 55 2020-05-01 00:40:00 〜 2021-05-23 13:45:00 profit 67723 pf 1.07 wp 53 % ic 0.06 trading cnt 7234 ('/test.py', 153)
2021-05-23 15:35:31,958 :: INFO    :: parameter :  analysis_from_time 25 analysis_to_time 41 entry_time 45 close_time 55 2020-05-01 00:41:00 〜 2021-05-23 13:45:00 profit 83256 pf 1.08 wp 53 % ic 0.06 trading cnt 7253 ('/test.py', 153)
2021-05-23 15:36:00,417 :: INFO    :: parameter :  analysis_from_time 25 analysis_to_time 42 entry_time 45 close_time 55 2020-05-01 00:42:00 〜 2021-05-23 13:45:00 profit 81242 pf 1.08 wp 53 % ic 0.06 trading cnt 7236 ('/test.py', 153)
2021-05-23 15:36:28,282 :: INFO    :: parameter :  analysis_from_time 25 analysis_to_time 43 entry_time 45 close_time 55 2020-05-01 00:43:00 〜 2021-05-23 13:45:00 profit 60785 pf 1.06 wp 52 % ic 0.05 trading cnt 7264 ('/test.py', 153)
2021-05-23 15:36:56,373 :: INFO    :: parameter :  analysis_from_time 25 analysis_to_time 44 entry_time 45 close_time 55 2020-05-01 00:44:00 〜 2021-05-23 13:45:00 profit 53174 pf 1.05 wp 52 % ic 0.05 trading cnt 7231 ('/test.py', 153)
2021-05-23 15:37:17,967 :: INFO    :: parameter :  analysis_from_time 25 analysis_to_time 45 entry_time 45 close_time 55 2020-05-01 00:45:00 〜 2021-05-23 13:45:00 profit 0 trading cnt 0 ('/test.py', 153)


2021-05-23 15:39:46,848 :: INFO    :: parameter :  analysis_from_time 13 analysis_to_time 27 entry_time 45 close_time 55 2020-05-01 00:45:00 〜 2021-05-23 13:45:00 profit 83950 pf 1.11 wp 53 % ic 0.06 trading cnt 7134 ('/test.py', 153)
2021-05-23 15:40:14,482 :: INFO    :: parameter :  analysis_from_time 14 analysis_to_time 27 entry_time 45 close_time 55 2020-05-01 00:45:00 〜 2021-05-23 13:45:00 profit 95793 pf 1.11 wp 53 % ic 0.06 trading cnt 7132 ('/test.py', 153)
2021-05-23 15:40:41,100 :: INFO    :: parameter :  analysis_from_time 15 analysis_to_time 27 entry_time 45 close_time 55 2020-05-01 00:45:00 〜 2021-05-23 13:45:00 profit 152801 pf 1.16 wp 53 % ic 0.07 trading cnt 7185 ('/test.py', 153)
2021-05-23 15:41:08,132 :: INFO    :: parameter :  analysis_from_time 16 analysis_to_time 27 entry_time 45 close_time 55 2020-05-01 00:45:00 〜 2021-05-23 13:45:00 profit 185357 pf 1.18 wp 53 % ic 0.06 trading cnt 7148 ('/test.py', 153)
2021-05-23 15:41:36,871 :: INFO    :: parameter :  analysis_from_time 17 analysis_to_time 27 entry_time 45 close_time 55 2020-05-01 00:45:00 〜 2021-05-23 13:45:00 profit 201089 pf 1.19 wp 53 % ic 0.07 trading cnt 7155 ('/test.py', 153)
2021-05-23 15:42:05,170 :: INFO    :: parameter :  analysis_from_time 18 analysis_to_time 27 entry_time 45 close_time 55 2020-05-01 00:45:00 〜 2021-05-23 13:45:00 profit 143828 pf 1.16 wp 53 % ic 0.06 trading cnt 7146 ('/test.py', 153)
2021-05-23 15:42:32,052 :: INFO    :: parameter :  analysis_from_time 19 analysis_to_time 27 entry_time 45 close_time 55 2020-05-01 00:45:00 〜 2021-05-23 13:45:00 profit 150552 pf 1.16 wp 53 % ic 0.06 trading cnt 7142 ('/test.py', 153)
2021-05-23 15:43:00,382 :: INFO    :: parameter :  analysis_from_time 20 analysis_to_time 27 entry_time 45 close_time 55 2020-05-01 00:45:00 〜 2021-05-23 13:45:00 profit 59496 pf 1.07 wp 53 % ic 0.06 trading cnt 7175 ('/test.py', 153)
2021-05-23 15:43:28,334 :: INFO    :: parameter :  analysis_from_time 21 analysis_to_time 27 entry_time 45 close_time 55 2020-05-01 00:45:00 〜 2021-05-23 13:45:00 profit 85418 pf 1.09 wp 53 % ic 0.06 trading cnt 7161 ('/test.py', 153)
2021-05-23 15:43:55,609 :: INFO    :: parameter :  analysis_from_time 22 analysis_to_time 27 entry_time 45 close_time 55 2020-05-01 00:45:00 〜 2021-05-23 13:45:00 profit 99442 pf 1.09 wp 52 % ic 0.05 trading cnt 7165 ('/test.py', 153)
2021-05-23 15:44:23,624 :: INFO    :: parameter :  analysis_from_time 23 analysis_to_time 27 entry_time 45 close_time 55 2020-05-01 00:45:00 〜 2021-05-23 13:45:00 profit 123655 pf 1.12 wp 52 % ic 0.05 trading cnt 7150 ('/test.py', 153)
2021-05-23 15:44:50,736 :: INFO    :: parameter :  analysis_from_time 24 analysis_to_time 27 entry_time 45 close_time 55 2020-05-01 00:45:00 〜 2021-05-23 13:45:00 profit 70301 pf 1.07 wp 51 % ic 0.03 trading cnt 7160 ('/test.py', 153)
2021-05-23 15:45:18,129 :: INFO    :: parameter :  analysis_from_time 25 analysis_to_time 27 entry_time 45 close_time 55 2020-05-01 00:45:00 〜 2021-05-23 13:45:00 profit 139255 pf 1.12 wp 52 % ic 0.05 trading cnt 7194 ('/test.py', 153)
2021-05-23 15:45:45,620 :: INFO    :: parameter :  analysis_from_time 26 analysis_to_time 27 entry_time 45 close_time 55 2020-05-01 00:45:00 〜 2021-05-23 13:45:00 profit 121077 pf 1.11 wp 52 % ic 0.04 trading cnt 7183 ('/test.py', 153)


2021-05-23 15:55:01,188 :: INFO    :: parameter :  analysis_from_time 17 analysis_to_time 27 entry_time 28 close_time 55 2020-05-01 00:55:00 〜 2021-05-23 13:28:00 profit -3197 pf 0.99 wp 51 % ic 0.03 trading cnt 7183 ('/test.py', 153)
2021-05-23 15:55:29,227 :: INFO    :: parameter :  analysis_from_time 17 analysis_to_time 27 entry_time 29 close_time 55 2020-05-01 00:55:00 〜 2021-05-23 13:29:00 profit 7667 pf 1.0 wp 51 % ic 0.02 trading cnt 7193 ('/test.py', 153)
2021-05-23 15:55:57,759 :: INFO    :: parameter :  analysis_from_time 17 analysis_to_time 27 entry_time 30 close_time 55 2020-05-01 00:55:00 〜 2021-05-23 13:30:00 profit 96429 pf 1.05 wp 52 % ic 0.04 trading cnt 7192 ('/test.py', 153)
2021-05-23 15:56:26,358 :: INFO    :: parameter :  analysis_from_time 17 analysis_to_time 27 entry_time 31 close_time 55 2020-05-01 00:55:00 〜 2021-05-23 13:31:00 profit 144891 pf 1.07 wp 52 % ic 0.05 trading cnt 7206 ('/test.py', 153)
2021-05-23 15:56:54,614 :: INFO    :: parameter :  analysis_from_time 17 analysis_to_time 27 entry_time 32 close_time 55 2020-05-01 00:32:00 〜 2021-05-23 13:32:00 profit 95942 pf 1.05 wp 52 % ic 0.05 trading cnt 7194 ('/test.py', 153)
2021-05-23 15:57:22,447 :: INFO    :: parameter :  analysis_from_time 17 analysis_to_time 27 entry_time 33 close_time 55 2020-05-01 00:33:00 〜 2021-05-23 13:33:00 profit 86528 pf 1.05 wp 52 % ic 0.04 trading cnt 7192 ('/test.py', 153)
2021-05-23 15:57:49,943 :: INFO    :: parameter :  analysis_from_time 17 analysis_to_time 27 entry_time 34 close_time 55 2020-05-01 00:34:00 〜 2021-05-23 13:34:00 profit 86570 pf 1.05 wp 52 % ic 0.05 trading cnt 7198 ('/test.py', 153)
2021-05-23 15:58:18,479 :: INFO    :: parameter :  analysis_from_time 17 analysis_to_time 27 entry_time 35 close_time 55 2020-05-01 00:35:00 〜 2021-05-23 13:35:00 profit 110913 pf 1.07 wp 52 % ic 0.05 trading cnt 7170 ('/test.py', 153)
2021-05-23 15:58:45,906 :: INFO    :: parameter :  analysis_from_time 17 analysis_to_time 27 entry_time 36 close_time 55 2020-05-01 00:36:00 〜 2021-05-23 13:36:00 profit 76725 pf 1.05 wp 53 % ic 0.06 trading cnt 7165 ('/test.py', 153)
2021-05-23 15:59:14,337 :: INFO    :: parameter :  analysis_from_time 17 analysis_to_time 27 entry_time 37 close_time 55 2020-05-01 00:37:00 〜 2021-05-23 13:37:00 profit 75879 pf 1.05 wp 52 % ic 0.05 trading cnt 7178 ('/test.py', 153)
2021-05-23 15:59:42,621 :: INFO    :: parameter :  analysis_from_time 17 analysis_to_time 27 entry_time 38 close_time 55 2020-05-01 00:38:00 〜 2021-05-23 13:38:00 profit 100242 pf 1.07 wp 52 % ic 0.05 trading cnt 7177 ('/test.py', 153)
2021-05-23 16:00:11,719 :: INFO    :: parameter :  analysis_from_time 17 analysis_to_time 27 entry_time 39 close_time 55 2020-05-01 00:39:00 〜 2021-05-23 13:39:00 profit 154069 pf 1.11 wp 53 % ic 0.06 trading cnt 7168 ('/test.py', 153)
2021-05-23 16:00:40,427 :: INFO    :: parameter :  analysis_from_time 17 analysis_to_time 27 entry_time 40 close_time 55 2020-05-01 00:40:00 〜 2021-05-23 13:40:00 profit 158575 pf 1.1 wp 53 % ic 0.07 trading cnt 7182 ('/test.py', 153)
2021-05-23 16:01:08,433 :: INFO    :: parameter :  analysis_from_time 17 analysis_to_time 27 entry_time 41 close_time 55 2020-05-01 00:41:00 〜 2021-05-23 13:41:00 profit 159926 pf 1.11 wp 53 % ic 0.06 trading cnt 7189 ('/test.py', 153)
2021-05-23 16:01:36,227 :: INFO    :: parameter :  analysis_from_time 17 analysis_to_time 27 entry_time 42 close_time 55 2020-05-01 00:42:00 〜 2021-05-23 13:42:00 profit 136259 pf 1.1 wp 53 % ic 0.06 trading cnt 7181 ('/test.py', 153)
2021-05-23 16:02:03,871 :: INFO    :: parameter :  analysis_from_time 17 analysis_to_time 27 entry_time 43 close_time 55 2020-05-01 00:43:00 〜 2021-05-23 13:43:00 profit 227476 pf 1.18 wp 53 % ic 0.07 trading cnt 7199 ('/test.py', 153)
2021-05-23 16:02:32,129 :: INFO    :: parameter :  analysis_from_time 17 analysis_to_time 27 entry_time 44 close_time 55 2020-05-01 00:44:00 〜 2021-05-23 13:44:00 profit 207509 pf 1.19 wp 53 % ic 0.07 trading cnt 7180 ('/test.py', 153)
2021-05-23 16:03:00,459 :: INFO    :: parameter :  analysis_from_time 17 analysis_to_time 27 entry_time 45 close_time 55 2020-05-01 00:45:00 〜 2021-05-23 13:45:00 profit 201089 pf 1.19 wp 53 % ic 0.07 trading cnt 7155 ('/test.py', 153)
2021-05-23 16:03:30,049 :: INFO    :: parameter :  analysis_from_time 17 analysis_to_time 27 entry_time 46 close_time 55 2020-05-01 00:46:00 〜 2021-05-23 13:27:00 profit 83785 pf 1.09 wp 53 % ic 0.06 trading cnt 7170 ('/test.py', 153)
2021-05-23 16:03:58,418 :: INFO    :: parameter :  analysis_from_time 17 analysis_to_time 27 entry_time 47 close_time 55 2020-05-01 00:47:00 〜 2021-05-23 13:27:00 profit 36496 pf 1.05 wp 52 % ic 0.05 trading cnt 7152 ('/test.py', 153)
2021-05-23 16:04:27,532 :: INFO    :: parameter :  analysis_from_time 17 analysis_to_time 27 entry_time 48 close_time 55 2020-05-01 00:48:00 〜 2021-05-23 13:27:00 profit 4794 pf 1.0 wp 51 % ic 0.02 trading cnt 7160 ('/test.py', 153)
2021-05-23 16:04:56,426 :: INFO    :: parameter :  analysis_from_time 17 analysis_to_time 27 entry_time 49 close_time 55 2020-05-01 00:49:00 〜 2021-05-23 13:27:00 profit 10238 pf 1.01 wp 50 % ic 0.01 trading cnt 7164 ('/test.py', 153)
2021-05-23 16:06:47,927 :: INFO    :: parameter :  analysis_from_time 17 analysis_to_time 18 entry_time 45 close_time 55 2020-05-01 00:45:00 〜 2021-05-23 13:45:00 profit 22118 pf 1.02 wp 49 % ic -0.01 trading cnt 7142 ('/test.py', 153)
2021-05-23 16:07:15,209 :: INFO    :: parameter :  analysis_from_time 17 analysis_to_time 19 entry_time 45 close_time 55 2020-05-01 00:45:00 〜 2021-05-23 13:45:00 profit 44647 pf 1.05 wp 51 % ic 0.02 trading cnt 7194 ('/test.py', 153)
2021-05-23 16:07:45,079 :: INFO    :: parameter :  analysis_from_time 17 analysis_to_time 20 entry_time 45 close_time 55 2020-05-01 00:45:00 〜 2021-05-23 13:45:00 profit 62046 pf 1.06 wp 50 % ic 0.01 trading cnt 7196 ('/test.py', 153)
2021-05-23 16:08:18,649 :: INFO    :: parameter :  analysis_from_time 17 analysis_to_time 21 entry_time 45 close_time 55 2020-05-01 00:45:00 〜 2021-05-23 13:45:00 profit 117639 pf 1.13 wp 51 % ic 0.03 trading cnt 7185 ('/test.py', 153)
2021-05-23 16:08:49,347 :: INFO    :: parameter :  analysis_from_time 17 analysis_to_time 22 entry_time 45 close_time 55 2020-05-01 00:45:00 〜 2021-05-23 13:45:00 profit 103172 pf 1.12 wp 51 % ic 0.02 trading cnt 7157 ('/test.py', 153)
2021-05-23 16:09:20,563 :: INFO    :: parameter :  analysis_from_time 17 analysis_to_time 23 entry_time 45 close_time 55 2020-05-01 00:45:00 〜 2021-05-23 13:45:00 profit 168063 pf 1.17 wp 52 % ic 0.04 trading cnt 7169 ('/test.py', 153)
2021-05-23 16:09:50,965 :: INFO    :: parameter :  analysis_from_time 17 analysis_to_time 24 entry_time 45 close_time 55 2020-05-01 00:45:00 〜 2021-05-23 13:45:00 profit 120148 pf 1.14 wp 52 % ic 0.05 trading cnt 7142 ('/test.py', 153)
2021-05-23 16:10:21,472 :: INFO    :: parameter :  analysis_from_time 17 analysis_to_time 25 entry_time 45 close_time 55 2020-05-01 00:45:00 〜 2021-05-23 13:45:00 profit 100926 pf 1.11 wp 52 % ic 0.04 trading cnt 7162 ('/test.py', 153)
2021-05-23 16:10:51,031 :: INFO    :: parameter :  analysis_from_time 17 analysis_to_time 26 entry_time 45 close_time 55 2020-05-01 00:45:00 〜 2021-05-23 13:45:00 profit 110224 pf 1.12 wp 52 % ic 0.05 trading cnt 7157 ('/test.py', 153)
2021-05-23 16:11:22,071 :: INFO    :: parameter :  analysis_from_time 17 analysis_to_time 27 entry_time 45 close_time 55 2020-05-01 00:45:00 〜 2021-05-23 13:45:00 profit 201089 pf 1.19 wp 53 % ic 0.07 trading cnt 7155 ('/test.py', 153)
2021-05-23 16:11:50,703 :: INFO    :: parameter :  analysis_from_time 17 analysis_to_time 28 entry_time 45 close_time 55 2020-05-01 00:45:00 〜 2021-05-23 13:45:00 profit 239350 pf 1.2 wp 53 % ic 0.06 trading cnt 7174 ('/test.py', 153)
2021-05-23 16:12:13,182 :: INFO    :: parameter :  analysis_from_time 17 analysis_to_time 29 entry_time 45 close_time 55 2020-05-01 00:45:00 〜 2021-05-23 13:45:00 profit 317462 pf 1.25 wp 53 % ic 0.07 trading cnt 7187 ('/test.py', 153)
2021-05-23 16:12:33,458 :: INFO    :: parameter :  analysis_from_time 17 analysis_to_time 30 entry_time 45 close_time 55 2020-05-01 00:45:00 〜 2021-05-23 13:45:00 profit 320323 pf 1.23 wp 54 % ic 0.08 trading cnt 7204 ('/test.py', 153)
2021-05-23 16:12:53,458 :: INFO    :: parameter :  analysis_from_time 17 analysis_to_time 31 entry_time 45 close_time 55 2020-05-01 00:45:00 〜 2021-05-23 13:45:00 profit 209676 pf 1.2 wp 53 % ic 0.07 trading cnt 7218 ('/test.py', 153)
2021-05-23 16:13:18,596 :: INFO    :: parameter :  analysis_from_time 17 analysis_to_time 32 entry_time 45 close_time 55 2020-05-01 00:32:00 〜 2021-05-23 13:45:00 profit 178250 pf 1.17 wp 53 % ic 0.06 trading cnt 7211 ('/test.py', 153)
2021-05-23 16:13:42,408 :: INFO    :: parameter :  analysis_from_time 17 analysis_to_time 33 entry_time 45 close_time 55 2020-05-01 00:33:00 〜 2021-05-23 13:45:00 profit 224477 pf 1.2 wp 53 % ic 0.07 trading cnt 7207 ('/test.py', 153)
2021-05-23 16:14:04,975 :: INFO    :: parameter :  analysis_from_time 17 analysis_to_time 34 entry_time 45 close_time 55 2020-05-01 00:34:00 〜 2021-05-23 13:45:00 profit 262277 pf 1.22 wp 53 % ic 0.07 trading cnt 7219 ('/test.py', 153)
2021-05-23 16:14:25,007 :: INFO    :: parameter :  analysis_from_time 17 analysis_to_time 35 entry_time 45 close_time 55 2020-05-01 00:35:00 〜 2021-05-23 13:45:00 profit 199325 pf 1.18 wp 53 % ic 0.06 trading cnt 7187 ('/test.py', 153)
2021-05-23 16:14:44,955 :: INFO    :: parameter :  analysis_from_time 17 analysis_to_time 36 entry_time 45 close_time 55 2020-05-01 00:36:00 〜 2021-05-23 13:45:00 profit 176418 pf 1.16 wp 53 % ic 0.07 trading cnt 7199 ('/test.py', 153)
2021-05-23 16:15:05,137 :: INFO    :: parameter :  analysis_from_time 17 analysis_to_time 37 entry_time 45 close_time 55 2020-05-01 00:37:00 〜 2021-05-23 13:45:00 profit 223424 pf 1.19 wp 53 % ic 0.07 trading cnt 7212 ('/test.py', 153)
2021-05-23 16:15:25,055 :: INFO    :: parameter :  analysis_from_time 17 analysis_to_time 38 entry_time 45 close_time 55 2020-05-01 00:38:00 〜 2021-05-23 13:45:00 profit 141475 pf 1.14 wp 53 % ic 0.07 trading cnt 7218 ('/test.py', 153)
2021-05-23 16:15:44,955 :: INFO    :: parameter :  analysis_from_time 17 analysis_to_time 39 entry_time 45 close_time 55 2020-05-01 00:39:00 〜 2021-05-23 13:45:00 profit 115287 pf 1.11 wp 53 % ic 0.07 trading cnt 7209 ('/test.py', 153)
2021-05-23 16:16:04,845 :: INFO    :: parameter :  analysis_from_time 17 analysis_to_time 40 entry_time 45 close_time 55 2020-05-01 00:40:00 〜 2021-05-23 13:45:00 profit 76475 pf 1.07 wp 53 % ic 0.07 trading cnt 7211 ('/test.py', 153)
2021-05-23 16:16:24,609 :: INFO    :: parameter :  analysis_from_time 17 analysis_to_time 41 entry_time 45 close_time 55 2020-05-01 00:41:00 〜 2021-05-23 13:45:00 profit 78172 pf 1.08 wp 53 % ic 0.07 trading cnt 7208 ('/test.py', 153)
2021-05-23 16:16:44,401 :: INFO    :: parameter :  analysis_from_time 17 analysis_to_time 42 entry_time 45 close_time 55 2020-05-01 00:42:00 〜 2021-05-23 13:45:00 profit 120217 pf 1.12 wp 53 % ic 0.07 trading cnt 7205 ('/test.py', 153)
2021-05-23 16:17:04,321 :: INFO    :: parameter :  analysis_from_time 17 analysis_to_time 43 entry_time 45 close_time 55 2020-05-01 00:43:00 〜 2021-05-23 13:45:00 profit 90391 pf 1.09 wp 53 % ic 0.07 trading cnt 7232 ('/test.py', 153)
2021-05-23 16:17:24,232 :: INFO    :: parameter :  analysis_from_time 17 analysis_to_time 44 entry_time 45 close_time 55 2020-05-01 00:44:00 〜 2021-05-23 13:45:00 profit 74838 pf 1.08 wp 53 % ic 0.07 trading cnt 7208 ('/test.py', 153)


2021-05-23 22:42:19,233 :: INFO    :: parameter :  analysis_from_time 14 analysis_to_time 29 entry_time 45 close_time 55 2020-05-01 00:45:00 〜 2021-05-23 13:45:00 profit 211019 pf 1.2 wp 53 % ic 0.07 trading cnt 7166 ('/test.py', 153)
2021-05-23 22:42:51,149 :: INFO    :: parameter :  analysis_from_time 15 analysis_to_time 29 entry_time 45 close_time 55 2020-05-01 00:45:00 〜 2021-05-23 13:45:00 profit 187430 pf 1.17 wp 53 % ic 0.07 trading cnt 7203 ('/test.py', 153)
2021-05-23 22:43:19,428 :: INFO    :: parameter :  analysis_from_time 16 analysis_to_time 29 entry_time 45 close_time 55 2020-05-01 00:45:00 〜 2021-05-23 13:45:00 profit 213602 pf 1.19 wp 53 % ic 0.06 trading cnt 7172 ('/test.py', 153)
2021-05-23 22:43:47,088 :: INFO    :: parameter :  analysis_from_time 17 analysis_to_time 29 entry_time 45 close_time 55 2020-05-01 00:45:00 〜 2021-05-23 13:45:00 profit 317462 pf 1.25 wp 53 % ic 0.07 trading cnt 7187 ('/test.py', 153)
2021-05-23 22:44:14,993 :: INFO    :: parameter :  analysis_from_time 18 analysis_to_time 29 entry_time 45 close_time 55 2020-05-01 00:45:00 〜 2021-05-23 13:45:00 profit 198764 pf 1.18 wp 53 % ic 0.07 trading cnt 7168 ('/test.py', 153)
2021-05-23 22:44:43,239 :: INFO    :: parameter :  analysis_from_time 19 analysis_to_time 29 entry_time 45 close_time 55 2020-05-01 00:45:00 〜 2021-05-23 13:45:00 profit 274852 pf 1.22 wp 53 % ic 0.07 trading cnt 7175 ('/test.py', 153)
2021-05-23 22:45:12,190 :: INFO    :: parameter :  analysis_from_time 20 analysis_to_time 29 entry_time 45 close_time 55 2020-05-01 00:45:00 〜 2021-05-23 13:45:00 profit 228583 pf 1.2 wp 54 % ic 0.09 trading cnt 7199 ('/test.py', 153)
2021-05-23 22:45:40,128 :: INFO    :: parameter :  analysis_from_time 21 analysis_to_time 29 entry_time 45 close_time 55 2020-05-01 00:45:00 〜 2021-05-23 13:45:00 profit 204626 pf 1.19 wp 53 % ic 0.07 trading cnt 7174 ('/test.py', 153)
2021-05-23 22:46:07,954 :: INFO    :: parameter :  analysis_from_time 22 analysis_to_time 29 entry_time 45 close_time 55 2020-05-01 00:45:00 〜 2021-05-23 13:45:00 profit 151821 pf 1.14 wp 53 % ic 0.06 trading cnt 7198 ('/test.py', 153)
2021-05-23 22:46:35,909 :: INFO    :: parameter :  analysis_from_time 23 analysis_to_time 29 entry_time 45 close_time 55 2020-05-01 00:45:00 〜 2021-05-23 13:45:00 profit 233570 pf 1.18 wp 53 % ic 0.06 trading cnt 7180 ('/test.py', 153)
2021-05-23 22:47:03,132 :: INFO    :: parameter :  analysis_from_time 24 analysis_to_time 29 entry_time 45 close_time 55 2020-05-01 00:45:00 〜 2021-05-23 13:45:00 profit 168641 pf 1.15 wp 52 % ic 0.05 trading cnt 7195 ('/test.py', 153)
2021-05-23 22:47:31,161 :: INFO    :: parameter :  analysis_from_time 25 analysis_to_time 29 entry_time 45 close_time 55 2020-05-01 00:45:00 〜 2021-05-23 13:45:00 profit 115188 pf 1.11 wp 52 % ic 0.04 trading cnt 7214 ('/test.py', 153)
2021-05-23 22:47:58,726 :: INFO    :: parameter :  analysis_from_time 26 analysis_to_time 29 entry_time 45 close_time 55 2020-05-01 00:45:00 〜 2021-05-23 13:45:00 profit 176175 pf 1.15 wp 51 % ic 0.03 trading cnt 7195 ('/test.py', 153)
2021-05-23 22:48:26,567 :: INFO    :: parameter :  analysis_from_time 27 analysis_to_time 29 entry_time 45 close_time 55 2020-05-01 00:45:00 〜 2021-05-23 13:45:00 profit 72973 pf 1.07 wp 51 % ic 0.02 trading cnt 7180 ('/test.py', 153)
2021-05-23 22:48:56,451 :: INFO    :: parameter :  analysis_from_time 28 analysis_to_time 29 entry_time 45 close_time 55 2020-05-01 00:45:00 〜 2021-05-23 13:45:00 profit 47497 pf 1.05 wp 51 % ic 0.02 trading cnt 7211 ('/test.py', 153)


2021-05-24 10:00:00,925 :: INFO    :: parameter :  analysis_from_time 17 analysis_to_time 18 entry_time 45 close_time 55 2020-05-01 00:45:00 〜 2021-05-23 13:45:00 profit 22118 pf 1.02 wp 49 % ic -0.01 trading cnt 7142 ('/test.py', 153)
2021-05-24 10:00:24,548 :: INFO    :: parameter :  analysis_from_time 17 analysis_to_time 19 entry_time 45 close_time 55 2020-05-01 00:45:00 〜 2021-05-23 13:45:00 profit 44647 pf 1.05 wp 51 % ic 0.02 trading cnt 7194 ('/test.py', 153)
2021-05-24 10:00:42,458 :: INFO    :: parameter :  analysis_from_time 17 analysis_to_time 20 entry_time 45 close_time 55 2020-05-01 00:45:00 〜 2021-05-23 13:45:00 profit 62046 pf 1.06 wp 50 % ic 0.01 trading cnt 7196 ('/test.py', 153)
2021-05-24 10:01:00,003 :: INFO    :: parameter :  analysis_from_time 17 analysis_to_time 21 entry_time 45 close_time 55 2020-05-01 00:45:00 〜 2021-05-23 13:45:00 profit 117639 pf 1.13 wp 51 % ic 0.03 trading cnt 7185 ('/test.py', 153)
2021-05-24 10:01:17,610 :: INFO    :: parameter :  analysis_from_time 17 analysis_to_time 22 entry_time 45 close_time 55 2020-05-01 00:45:00 〜 2021-05-23 13:45:00 profit 103172 pf 1.12 wp 51 % ic 0.02 trading cnt 7157 ('/test.py', 153)
2021-05-24 10:01:36,895 :: INFO    :: parameter :  analysis_from_time 17 analysis_to_time 23 entry_time 45 close_time 55 2020-05-01 00:45:00 〜 2021-05-23 13:45:00 profit 168063 pf 1.17 wp 52 % ic 0.04 trading cnt 7169 ('/test.py', 153)
2021-05-24 10:01:59,783 :: INFO    :: parameter :  analysis_from_time 17 analysis_to_time 24 entry_time 45 close_time 55 2020-05-01 00:45:00 〜 2021-05-23 13:45:00 profit 120148 pf 1.14 wp 52 % ic 0.05 trading cnt 7142 ('/test.py', 153)
2021-05-24 10:02:17,733 :: INFO    :: parameter :  analysis_from_time 17 analysis_to_time 25 entry_time 45 close_time 55 2020-05-01 00:45:00 〜 2021-05-23 13:45:00 profit 100926 pf 1.11 wp 52 % ic 0.04 trading cnt 7162 ('/test.py', 153)
2021-05-24 10:02:35,499 :: INFO    :: parameter :  analysis_from_time 17 analysis_to_time 26 entry_time 45 close_time 55 2020-05-01 00:45:00 〜 2021-05-23 13:45:00 profit 110224 pf 1.12 wp 52 % ic 0.05 trading cnt 7157 ('/test.py', 153)
2021-05-24 10:02:53,259 :: INFO    :: parameter :  analysis_from_time 17 analysis_to_time 27 entry_time 45 close_time 55 2020-05-01 00:45:00 〜 2021-05-23 13:45:00 profit 201089 pf 1.19 wp 53 % ic 0.07 trading cnt 7155 ('/test.py', 153)
2021-05-24 10:03:11,055 :: INFO    :: parameter :  analysis_from_time 17 analysis_to_time 28 entry_time 45 close_time 55 2020-05-01 00:45:00 〜 2021-05-23 13:45:00 profit 239350 pf 1.2 wp 53 % ic 0.06 trading cnt 7174 ('/test.py', 153)
2021-05-24 10:03:28,840 :: INFO    :: parameter :  analysis_from_time 17 analysis_to_time 29 entry_time 45 close_time 55 2020-05-01 00:45:00 〜 2021-05-23 13:45:00 profit 317462 pf 1.25 wp 53 % ic 0.07 trading cnt 7187 ('/test.py', 153)
2021-05-24 10:03:46,584 :: INFO    :: parameter :  analysis_from_time 17 analysis_to_time 30 entry_time 45 close_time 55 2020-05-01 00:45:00 〜 2021-05-23 13:45:00 profit 320323 pf 1.23 wp 54 % ic 0.08 trading cnt 7204 ('/test.py', 153)
2021-05-24 10:04:04,188 :: INFO    :: parameter :  analysis_from_time 17 analysis_to_time 31 entry_time 45 close_time 55 2020-05-01 00:45:00 〜 2021-05-23 13:45:00 profit 209676 pf 1.2 wp 53 % ic 0.07 trading cnt 7218 ('/test.py', 153)
2021-05-24 10:04:21,788 :: INFO    :: parameter :  analysis_from_time 17 analysis_to_time 32 entry_time 45 close_time 55 2020-05-01 00:32:00 〜 2021-05-23 13:45:00 profit 178250 pf 1.17 wp 53 % ic 0.06 trading cnt 7211 ('/test.py', 153)
2021-05-24 10:04:39,406 :: INFO    :: parameter :  analysis_from_time 17 analysis_to_time 33 entry_time 45 close_time 55 2020-05-01 00:33:00 〜 2021-05-23 13:45:00 profit 224477 pf 1.2 wp 53 % ic 0.07 trading cnt 7207 ('/test.py', 153)
2021-05-24 10:04:57,658 :: INFO    :: parameter :  analysis_from_time 17 analysis_to_time 34 entry_time 45 close_time 55 2020-05-01 00:34:00 〜 2021-05-23 13:45:00 profit 262277 pf 1.22 wp 53 % ic 0.07 trading cnt 7219 ('/test.py', 153)
2021-05-24 10:05:15,333 :: INFO    :: parameter :  analysis_from_time 17 analysis_to_time 35 entry_time 45 close_time 55 2020-05-01 00:35:00 〜 2021-05-23 13:45:00 profit 199325 pf 1.18 wp 53 % ic 0.06 trading cnt 7187 ('/test.py', 153)
2021-05-24 10:05:32,854 :: INFO    :: parameter :  analysis_from_time 17 analysis_to_time 36 entry_time 45 close_time 55 2020-05-01 00:36:00 〜 2021-05-23 13:45:00 profit 176418 pf 1.16 wp 53 % ic 0.07 trading cnt 7199 ('/test.py', 153)
2021-05-24 10:05:50,348 :: INFO    :: parameter :  analysis_from_time 17 analysis_to_time 37 entry_time 45 close_time 55 2020-05-01 00:37:00 〜 2021-05-23 13:45:00 profit 223424 pf 1.19 wp 53 % ic 0.07 trading cnt 7212 ('/test.py', 153)
2021-05-24 10:06:07,904 :: INFO    :: parameter :  analysis_from_time 17 analysis_to_time 38 entry_time 45 close_time 55 2020-05-01 00:38:00 〜 2021-05-23 13:45:00 profit 141475 pf 1.14 wp 53 % ic 0.07 trading cnt 7218 ('/test.py', 153)
2021-05-24 10:06:25,608 :: INFO    :: parameter :  analysis_from_time 17 analysis_to_time 39 entry_time 45 close_time 55 2020-05-01 00:39:00 〜 2021-05-23 13:45:00 profit 115287 pf 1.11 wp 53 % ic 0.07 trading cnt 7209 ('/test.py', 153)
2021-05-24 10:06:43,124 :: INFO    :: parameter :  analysis_from_time 17 analysis_to_time 40 entry_time 45 close_time 55 2020-05-01 00:40:00 〜 2021-05-23 13:45:00 profit 76475 pf 1.07 wp 53 % ic 0.07 trading cnt 7211 ('/test.py', 153)
2021-05-24 10:07:00,812 :: INFO    :: parameter :  analysis_from_time 17 analysis_to_time 41 entry_time 45 close_time 55 2020-05-01 00:41:00 〜 2021-05-23 13:45:00 profit 78172 pf 1.08 wp 53 % ic 0.07 trading cnt 7208 ('/test.py', 153)
2021-05-24 10:07:18,470 :: INFO    :: parameter :  analysis_from_time 17 analysis_to_time 42 entry_time 45 close_time 55 2020-05-01 00:42:00 〜 2021-05-23 13:45:00 profit 120217 pf 1.12 wp 53 % ic 0.07 trading cnt 7205 ('/test.py', 153)
2021-05-24 10:07:35,931 :: INFO    :: parameter :  analysis_from_time 17 analysis_to_time 43 entry_time 45 close_time 55 2020-05-01 00:43:00 〜 2021-05-23 13:45:00 profit 90391 pf 1.09 wp 53 % ic 0.07 trading cnt 7232 ('/test.py', 153)
2021-05-24 10:07:54,114 :: INFO    :: parameter :  analysis_from_time 17 analysis_to_time 44 entry_time 45 close_time 55 2020-05-01 00:44:00 〜 2021-05-23 13:45:00 profit 74838 pf 1.08 wp 53 % ic 0.07 trading cnt 7208 ('/test.py', 153)


2021-05-24 10:11:57,977 :: INFO    :: parameter :  analysis_from_time 17 analysis_to_time 29 entry_time 30 close_time 55 2020-05-01 00:55:00 〜 2021-05-23 13:30:00 profit 174033 pf 1.08 wp 52 % ic 0.05 trading cnt 7233 ('/test.py', 153)
2021-05-24 10:12:18,354 :: INFO    :: parameter :  analysis_from_time 17 analysis_to_time 29 entry_time 31 close_time 55 2020-05-01 00:55:00 〜 2021-05-23 13:31:00 profit 170140 pf 1.08 wp 52 % ic 0.05 trading cnt 7252 ('/test.py', 153)
2021-05-24 10:12:39,027 :: INFO    :: parameter :  analysis_from_time 17 analysis_to_time 29 entry_time 32 close_time 55 2020-05-01 00:32:00 〜 2021-05-23 13:32:00 profit 121469 pf 1.06 wp 52 % ic 0.05 trading cnt 7236 ('/test.py', 153)
2021-05-24 10:13:00,020 :: INFO    :: parameter :  analysis_from_time 17 analysis_to_time 29 entry_time 33 close_time 55 2020-05-01 00:33:00 〜 2021-05-23 13:33:00 profit 140993 pf 1.08 wp 52 % ic 0.04 trading cnt 7230 ('/test.py', 153)
2021-05-24 10:13:20,553 :: INFO    :: parameter :  analysis_from_time 17 analysis_to_time 29 entry_time 34 close_time 55 2020-05-01 00:34:00 〜 2021-05-23 13:34:00 profit 147338 pf 1.08 wp 52 % ic 0.05 trading cnt 7235 ('/test.py', 153)
2021-05-24 10:13:41,216 :: INFO    :: parameter :  analysis_from_time 17 analysis_to_time 29 entry_time 35 close_time 55 2020-05-01 00:35:00 〜 2021-05-23 13:35:00 profit 191362 pf 1.11 wp 53 % ic 0.06 trading cnt 7212 ('/test.py', 153)
2021-05-24 10:14:02,211 :: INFO    :: parameter :  analysis_from_time 17 analysis_to_time 29 entry_time 36 close_time 55 2020-05-01 00:36:00 〜 2021-05-23 13:36:00 profit 159170 pf 1.09 wp 53 % ic 0.06 trading cnt 7203 ('/test.py', 153)
2021-05-24 10:14:23,281 :: INFO    :: parameter :  analysis_from_time 17 analysis_to_time 29 entry_time 37 close_time 55 2020-05-01 00:37:00 〜 2021-05-23 13:37:00 profit 167631 pf 1.1 wp 52 % ic 0.05 trading cnt 7213 ('/test.py', 153)
2021-05-24 10:14:43,951 :: INFO    :: parameter :  analysis_from_time 17 analysis_to_time 29 entry_time 38 close_time 55 2020-05-01 00:38:00 〜 2021-05-23 13:38:00 profit 181048 pf 1.11 wp 52 % ic 0.05 trading cnt 7204 ('/test.py', 153)
2021-05-24 10:15:04,308 :: INFO    :: parameter :  analysis_from_time 17 analysis_to_time 29 entry_time 39 close_time 55 2020-05-01 00:39:00 〜 2021-05-23 13:39:00 profit 212807 pf 1.14 wp 53 % ic 0.06 trading cnt 7198 ('/test.py', 153)
2021-05-24 10:15:25,126 :: INFO    :: parameter :  analysis_from_time 17 analysis_to_time 29 entry_time 40 close_time 55 2020-05-01 00:40:00 〜 2021-05-23 13:40:00 profit 238385 pf 1.13 wp 53 % ic 0.07 trading cnt 7216 ('/test.py', 153)
2021-05-24 10:15:45,891 :: INFO    :: parameter :  analysis_from_time 17 analysis_to_time 29 entry_time 41 close_time 55 2020-05-01 00:41:00 〜 2021-05-23 13:41:00 profit 281849 pf 1.17 wp 53 % ic 0.07 trading cnt 7224 ('/test.py', 153)
2021-05-24 10:16:06,178 :: INFO    :: parameter :  analysis_from_time 17 analysis_to_time 29 entry_time 42 close_time 55 2020-05-01 00:42:00 〜 2021-05-23 13:42:00 profit 271419 pf 1.16 wp 53 % ic 0.06 trading cnt 7221 ('/test.py', 153)
2021-05-24 10:16:26,966 :: INFO    :: parameter :  analysis_from_time 17 analysis_to_time 29 entry_time 43 close_time 55 2020-05-01 00:43:00 〜 2021-05-23 13:43:00 profit 359132 pf 1.23 wp 53 % ic 0.07 trading cnt 7242 ('/test.py', 153)
2021-05-24 10:16:47,023 :: INFO    :: parameter :  analysis_from_time 17 analysis_to_time 29 entry_time 44 close_time 55 2020-05-01 00:44:00 〜 2021-05-23 13:44:00 profit 367491 pf 1.26 wp 53 % ic 0.07 trading cnt 7216 ('/test.py', 153)
2021-05-24 10:17:08,154 :: INFO    :: parameter :  analysis_from_time 17 analysis_to_time 29 entry_time 45 close_time 55 2020-05-01 00:45:00 〜 2021-05-23 13:45:00 profit 317462 pf 1.25 wp 53 % ic 0.07 trading cnt 7187 ('/test.py', 153)
2021-05-24 10:17:29,100 :: INFO    :: parameter :  analysis_from_time 17 analysis_to_time 29 entry_time 46 close_time 55 2020-05-01 00:46:00 〜 2021-05-23 13:29:00 profit 139317 pf 1.13 wp 53 % ic 0.07 trading cnt 7207 ('/test.py', 153)
2021-05-24 10:17:49,631 :: INFO    :: parameter :  analysis_from_time 17 analysis_to_time 29 entry_time 47 close_time 55 2020-05-01 00:47:00 〜 2021-05-23 13:29:00 profit 70118 pf 1.08 wp 52 % ic 0.05 trading cnt 7186 ('/test.py', 153)
2021-05-24 10:18:10,252 :: INFO    :: parameter :  analysis_from_time 17 analysis_to_time 29 entry_time 48 close_time 55 2020-05-01 00:48:00 〜 2021-05-23 13:29:00 profit 34000 pf 1.05 wp 51 % ic 0.02 trading cnt 7195 ('/test.py', 153)
2021-05-24 10:18:36,704 :: INFO    :: parameter :  analysis_from_time 17 analysis_to_time 29 entry_time 49 close_time 55 2020-05-01 00:49:00 〜 2021-05-23 13:29:00 profit 43031 pf 1.07 wp 51 % ic 0.02 trading cnt 7200 ('/test.py', 153)
2021-05-24 10:19:02,914 :: INFO    :: parameter :  analysis_from_time 17 analysis_to_time 29 entry_time 50 close_time 55 2020-05-01 00:50:00 〜 2021-05-23 13:29:00 profit 53246 pf 1.1 wp 51 % ic 0.02 trading cnt 7199 ('/test.py', 153)
2021-05-24 10:19:23,825 :: INFO    :: parameter :  analysis_from_time 17 analysis_to_time 29 entry_time 51 close_time 55 2020-05-01 00:51:00 〜 2021-05-23 13:29:00 profit 20835 pf 1.04 wp 51 % ic 0.02 trading cnt 7233 ('/test.py', 153)
2021-05-24 10:19:44,411 :: INFO    :: parameter :  analysis_from_time 17 analysis_to_time 29 entry_time 52 close_time 55 2020-05-01 00:52:00 〜 2021-05-23 13:29:00 profit 21478 pf 1.05 wp 50 % ic 0.01 trading cnt 7230 ('/test.py', 153)
2021-05-24 10:20:05,294 :: INFO    :: parameter :  analysis_from_time 17 analysis_to_time 29 entry_time 53 close_time 55 2020-05-01 00:53:00 〜 2021-05-23 13:29:00 profit 5298 pf 1.01 wp 50 % ic 0.01 trading cnt 7216 ('/test.py', 153)
2021-05-24 10:20:26,026 :: INFO    :: parameter :  analysis_from_time 17 analysis_to_time 29 entry_time 54 close_time 55 2020-05-01 00:54:00 〜 2021-05-23 13:29:00 profit -262 pf 0.99 wp 50 % ic 0.0 trading cnt 7235 ('/test.py', 153)


2021-05-24 10:34:42,918 :: INFO    :: parameter :  analysis_from_time 17 analysis_to_time 29 entry_time 44 close_time 45 2020-05-01 00:44:00 〜 2021-05-23 13:45:00 profit 10489 pf 1.04 wp 51 % ic 0.02 trading cnt 7196 ('/test.py', 153)
2021-05-24 10:35:05,011 :: INFO    :: parameter :  analysis_from_time 17 analysis_to_time 29 entry_time 44 close_time 46 2020-05-01 00:44:00 〜 2021-05-23 13:44:00 profit 61264 pf 1.15 wp 52 % ic 0.04 trading cnt 7219 ('/test.py', 153)
2021-05-24 10:35:28,987 :: INFO    :: parameter :  analysis_from_time 17 analysis_to_time 29 entry_time 44 close_time 47 2020-05-01 00:44:00 〜 2021-05-23 13:44:00 profit 126220 pf 1.21 wp 53 % ic 0.07 trading cnt 7194 ('/test.py', 153)
2021-05-24 10:35:50,098 :: INFO    :: parameter :  analysis_from_time 17 analysis_to_time 29 entry_time 44 close_time 48 2020-05-01 00:44:00 〜 2021-05-23 13:44:00 profit 193425 pf 1.25 wp 54 % ic 0.08 trading cnt 7193 ('/test.py', 153)
2021-05-24 10:36:15,933 :: INFO    :: parameter :  analysis_from_time 17 analysis_to_time 29 entry_time 44 close_time 49 2020-05-01 00:44:00 〜 2021-05-23 13:44:00 profit 245448 pf 1.26 wp 54 % ic 0.09 trading cnt 7206 ('/test.py', 153)
2021-05-24 10:36:38,065 :: INFO    :: parameter :  analysis_from_time 17 analysis_to_time 29 entry_time 44 close_time 50 2020-05-01 00:44:00 〜 2021-05-23 13:44:00 profit 211368 pf 1.22 wp 54 % ic 0.09 trading cnt 7215 ('/test.py', 153)
2021-05-24 10:37:04,653 :: INFO    :: parameter :  analysis_from_time 17 analysis_to_time 29 entry_time 44 close_time 51 2020-05-01 00:44:00 〜 2021-05-23 13:44:00 profit 269662 pf 1.25 wp 54 % ic 0.09 trading cnt 7221 ('/test.py', 153)
2021-05-24 10:37:27,494 :: INFO    :: parameter :  analysis_from_time 17 analysis_to_time 29 entry_time 44 close_time 52 2020-05-01 00:44:00 〜 2021-05-23 13:44:00 profit 292715 pf 1.25 wp 54 % ic 0.09 trading cnt 7221 ('/test.py', 153)
2021-05-24 10:37:51,504 :: INFO    :: parameter :  analysis_from_time 17 analysis_to_time 29 entry_time 44 close_time 53 2020-05-01 00:44:00 〜 2021-05-23 13:44:00 profit 327980 pf 1.25 wp 54 % ic 0.08 trading cnt 7199 ('/test.py', 153)
2021-05-24 10:38:14,708 :: INFO    :: parameter :  analysis_from_time 17 analysis_to_time 29 entry_time 44 close_time 54 2020-05-01 00:44:00 〜 2021-05-23 13:44:00 profit 384501 pf 1.27 wp 54 % ic 0.09 trading cnt 7214 ('/test.py', 153)
2021-05-24 10:38:36,413 :: INFO    :: parameter :  analysis_from_time 17 analysis_to_time 29 entry_time 44 close_time 55 2020-05-01 00:44:00 〜 2021-05-23 13:44:00 profit 367491 pf 1.26 wp 53 % ic 0.07 trading cnt 7216 ('/test.py', 153)
2021-05-24 10:38:57,271 :: INFO    :: parameter :  analysis_from_time 17 analysis_to_time 29 entry_time 44 close_time 56 2020-05-01 00:44:00 〜 2021-05-23 13:44:00 profit 335587 pf 1.24 wp 53 % ic 0.07 trading cnt 7207 ('/test.py', 153)
2021-05-24 10:39:17,532 :: INFO    :: parameter :  analysis_from_time 17 analysis_to_time 29 entry_time 44 close_time 57 2020-05-01 00:44:00 〜 2021-05-23 13:44:00 profit 332237 pf 1.23 wp 53 % ic 0.07 trading cnt 7200 ('/test.py', 153)
2021-05-24 10:39:39,118 :: INFO    :: parameter :  analysis_from_time 17 analysis_to_time 29 entry_time 44 close_time 58 2020-05-01 00:44:00 〜 2021-05-23 13:44:00 profit 288951 pf 1.21 wp 53 % ic 0.06 trading cnt 7196 ('/test.py', 153)
2021-05-24 10:40:00,103 :: INFO    :: parameter :  analysis_from_time 17 analysis_to_time 29 entry_time 44 close_time 59 2020-05-01 00:44:00 〜 2021-05-23 13:44:00 profit 259364 pf 1.18 wp 53 % ic 0.07 trading cnt 7207 ('/test.py', 153)

2021-05-24 10:41:49,254 :: INFO    :: parameter :  analysis_from_time 17 analysis_to_time 29 entry_time 44 close_time 54 2020-05-01 00:44:00 〜 2021-05-23 13:44:00 profit 384501 pf 1.27 wp 54 % ic 0.09 trading cnt 7214 ('/test.py', 153)
2021-05-24 10:47:57,315 :: INFO    :: parameter :  analysis_from_time 17 analysis_to_time 29 entry_time 44 close_time 49 2020-05-01 00:44:00 〜 2021-05-23 13:44:00 profit 245448 pf 1.26 wp 54 % ic 0.09 trading cnt 7206 ('/test.py', 153)

